21102265_S1IF-09-TI2_ppb2324-2/praktikum_04_layout/build/app/outputs/mapping/release/seeds.txt
androidx.window.layout.WindowInfoTrackerImpl$Companion: WindowInfoTrackerImpl$Companion(kotlin.jvm.internal.DefaultConstructorMarker)
io.flutter.view.AccessibilityViewEmbedder: void setFlutterNodesTranslateBounds(android.view.accessibility.AccessibilityNodeInfo,android.graphics.Rect,android.view.accessibility.AccessibilityNodeInfo)
io.flutter.plugin.editing.ImeSyncDeferringInsetsCallback: android.view.View$OnApplyWindowInsetsListener getInsetsListener()
io.flutter.embedding.engine.FlutterJNI: void nativeUpdateJavaAssetManager(long,android.content.res.AssetManager,java.lang.String)
io.flutter.embedding.engine.systemchannels.TextInputChannel$TextCapitalization: io.flutter.embedding.engine.systemchannels.TextInputChannel$TextCapitalization[] values()
kotlinx.coroutines.internal.ArrayQueue: java.lang.Object removeFirstOrNull()
androidx.window.layout.WindowMetricsCalculatorCompat: void getRectSizeFromDisplay(android.app.Activity,android.graphics.Rect)
kotlin.jvm.internal.CallableReference: java.lang.String getSignature()
androidx.window.embedding.ExtensionEmbeddingBackend$EmbeddingCallbackImpl: ExtensionEmbeddingBackend$EmbeddingCallbackImpl(androidx.window.embedding.ExtensionEmbeddingBackend)
androidx.window.layout.WindowMetricsCalculatorCompat: android.graphics.Rect computeWindowBoundsN$window_release(android.app.Activity)
androidx.window.layout.SidecarWindowBackend: void setWindowExtension(androidx.window.layout.ExtensionInterfaceCompat)
io.flutter.embedding.engine.FlutterJNI: void dispatchSemanticsAction(int,int,java.nio.ByteBuffer,int)
androidx.window.embedding.SplitPairFilter: SplitPairFilter(android.content.ComponentName,android.content.ComponentName,java.lang.String)
io.flutter.embedding.engine.systemchannels.SettingsChannel$PlatformBrightness: io.flutter.embedding.engine.systemchannels.SettingsChannel$PlatformBrightness valueOf(java.lang.String)
androidx.window.layout.SidecarAdapter: java.lang.String access$getTAG$cp()
androidx.window.embedding.ExtensionEmbeddingBackend: androidx.window.embedding.ExtensionEmbeddingBackend access$getGlobalInstance$cp()
androidx.window.layout.ExtensionWindowLayoutInfoBackend$MulticastConsumer: void accept(java.lang.Object)
io.flutter.embedding.engine.renderer.FlutterRenderer$ImageTextureRegistryEntry: void waitOnFence(android.media.Image)
io.flutter.embedding.engine.FlutterJNI: void onBeginFrame()
androidx.window.layout.HardwareFoldingFeature$Type: java.lang.String toString()
io.flutter.embedding.engine.FlutterJNI: void nativeImageHeaderCallback(long,int,int)
androidx.window.embedding.SplitRule$Api30Impl: android.graphics.Rect getBounds(android.view.WindowMetrics)
androidx.window.layout.WindowInfoTracker$Companion: androidx.window.layout.WindowBackend windowBackend$window_release(android.content.Context)
androidx.window.layout.DisplayCompatHelperApi28: int safeInsetLeft(android.view.DisplayCutout)
kotlin.jvm.internal.FunctionReference: FunctionReference(int)
androidx.window.embedding.SplitController: void setStaticSplitRules(java.util.Set)
io.flutter.embedding.engine.systemchannels.PlatformViewsChannel$PlatformViewCreationRequest$RequestedDisplayMode: io.flutter.embedding.engine.systemchannels.PlatformViewsChannel$PlatformViewCreationRequest$RequestedDisplayMode[] values()
io.flutter.view.TextureRegistry$SurfaceProducer: android.view.Surface getSurface()
androidx.window.layout.WindowInfoTracker$-CC: void overrideDecorator(androidx.window.layout.WindowInfoTrackerDecorator)
androidx.window.java.layout.WindowInfoTrackerCallbackAdapter$addListener$1$1: java.lang.Object invoke(java.lang.Object,java.lang.Object)
androidx.window.layout.SidecarAdapter$Companion: java.util.List getSidecarDisplayFeatures(androidx.window.sidecar.SidecarWindowLayoutInfo)
io.flutter.embedding.engine.renderer.FlutterRenderer$ImageReaderSurfaceProducer: void maybeWaitOnFence(android.media.Image)