21102265_S1IF-09-TI2_ppb2324-2/praktikum_04_layout/build/app/outputs/mapping/release/mapping.txt
# compiler: R8
# compiler_version: 3.2.47
# min_api: 19
# common_typos_disable
# {"id":"com.android.tools.r8.mapping","version":"2.0"}
# pg_map_id: 350390c
# pg_map_hash: SHA-256 350390c1279029e231fc09c15d7c521db244111a169dec82ad2bae2ae46b2d1c
...
io.flutter.embedding.engine.loader.FlutterLoader$Settings -> n.d$c:
    java.lang.String logTag -> a
    java.lang.String getLogTag() -> a
io.flutter.embedding.engine.loader.ResourceExtractor -> n.e:
io.flutter.embedding.engine.mutatorsstack.FlutterMutatorView -> o.a:
    android.view.ViewTreeObserver$OnGlobalFocusChangeListener activeFocusListener -> h
    int prevTop -> f
    float screenDensity -> b
    int top -> d
    io.flutter.embedding.engine.mutatorsstack.FlutterMutatorsStack mutatorsStack -> a
    int prevLeft -> e
    io.flutter.embedding.android.AndroidTouchProcessor androidTouchProcessor -> g
    int left -> c
    void readyToDisplay(io.flutter.embedding.engine.mutatorsstack.FlutterMutatorsStack,int,int,int,int) -> a
    void unsetOnDescendantFocusChangeListener() -> b
io.flutter.embedding.engine.mutatorsstack.FlutterMutatorView$1 -> o.a$a:
    android.view.View$OnFocusChangeListener val$userFocusListener -> a
    io.flutter.embedding.engine.mutatorsstack.FlutterMutatorView this$0 -> c
    android.view.View val$mutatorView -> b
io.flutter.embedding.engine.mutatorsstack.FlutterMutatorsStack$FlutterMutator -> io.flutter.embedding.engine.mutatorsstack.FlutterMutatorsStack$a:
    io.flutter.embedding.engine.mutatorsstack.FlutterMutatorsStack$FlutterMutatorType type -> d
    float[] radiis -> c
    android.graphics.Matrix matrix -> a
    android.graphics.Rect rect -> b
    io.flutter.embedding.engine.mutatorsstack.FlutterMutatorsStack this$0 -> e
    android.graphics.Matrix getMatrix() -> a
io.flutter.embedding.engine.mutatorsstack.FlutterMutatorsStack$FlutterMutatorType -> io.flutter.embedding.engine.mutatorsstack.FlutterMutatorsStack$b:
    io.flutter.embedding.engine.mutatorsstack.FlutterMutatorsStack$FlutterMutatorType OPACITY -> h
    io.flutter.embedding.engine.mutatorsstack.FlutterMutatorsStack$FlutterMutatorType[] $VALUES -> i
    io.flutter.embedding.engine.mutatorsstack.FlutterMutatorsStack$FlutterMutatorType CLIP_RECT -> d
    io.flutter.embedding.engine.mutatorsstack.FlutterMutatorsStack$FlutterMutatorType CLIP_RRECT -> e
    io.flutter.embedding.engine.mutatorsstack.FlutterMutatorsStack$FlutterMutatorType CLIP_PATH -> f
    io.flutter.embedding.engine.mutatorsstack.FlutterMutatorsStack$FlutterMutatorType TRANSFORM -> g
    io.flutter.embedding.engine.mutatorsstack.FlutterMutatorsStack$FlutterMutatorType[] $values() -> a
io.flutter.embedding.engine.plugins.FlutterPlugin -> p.a:
    void onDetachedFromEngine(io.flutter.embedding.engine.plugins.FlutterPlugin$FlutterPluginBinding) -> d
    void onAttachedToEngine(io.flutter.embedding.engine.plugins.FlutterPlugin$FlutterPluginBinding) -> f
io.flutter.embedding.engine.plugins.FlutterPlugin$FlutterAssets -> p.a$a:
io.flutter.embedding.engine.plugins.FlutterPlugin$FlutterPluginBinding -> p.a$b:
    android.content.Context applicationContext -> a
    io.flutter.plugin.platform.PlatformViewRegistry platformViewRegistry -> e
    io.flutter.view.TextureRegistry textureRegistry -> d
    io.flutter.embedding.engine.FlutterEngineGroup group -> g
    io.flutter.embedding.engine.FlutterEngine flutterEngine -> b
    io.flutter.embedding.engine.plugins.FlutterPlugin$FlutterAssets flutterAssets -> f
    io.flutter.plugin.common.BinaryMessenger binaryMessenger -> c
io.flutter.embedding.engine.plugins.activity.ActivityAware -> q.a:
    void onReattachedToActivityForConfigChanges(io.flutter.embedding.engine.plugins.activity.ActivityPluginBinding) -> a
    void onDetachedFromActivity() -> b
    void onDetachedFromActivityForConfigChanges() -> g
    void onAttachedToActivity(io.flutter.embedding.engine.plugins.activity.ActivityPluginBinding) -> i