21102265_S1IF-09-TI2_ppb2324-2/praktikum_04_layout/build/app/outputs/mapping/release/usage.txt
io.flutter.embedding.engine.FlutterEngine:
    private static final java.lang.String TAG
    public void <init>(android.content.Context)
    public void <init>(android.content.Context,io.flutter.embedding.engine.loader.FlutterLoader,io.flutter.embedding.engine.FlutterJNI)
    public void <init>(android.content.Context,io.flutter.embedding.engine.loader.FlutterLoader,io.flutter.embedding.engine.FlutterJNI,io.flutter.plugin.platform.PlatformViewsController,java.lang.String[],boolean)
    public void <init>(android.content.Context,io.flutter.embedding.engine.loader.FlutterLoader,io.flutter.embedding.engine.FlutterJNI,java.lang.String[],boolean)
    public void <init>(android.content.Context,java.lang.String[])
    public void <init>(android.content.Context,java.lang.String[],boolean)
    public void <init>(android.content.Context,java.lang.String[],boolean,boolean)
    public io.flutter.embedding.engine.plugins.broadcastreceiver.BroadcastReceiverControlSurface getBroadcastReceiverControlSurface()
    public io.flutter.embedding.engine.plugins.contentprovider.ContentProviderControlSurface getContentProviderControlSurface()
    public io.flutter.embedding.engine.systemchannels.DeferredComponentChannel getDeferredComponentChannel()
    public io.flutter.embedding.engine.systemchannels.LocalizationChannel getLocalizationChannel()
    public io.flutter.embedding.engine.plugins.PluginRegistry getPlugins()
io.flutter.embedding.engine.FlutterEngineCache:
    public void clear()
    public boolean contains(java.lang.String)
io.flutter.embedding.engine.FlutterEngineConnectionRegistry$DefaultFlutterAssets:
    public java.lang.String getAssetFilePathByName(java.lang.String)
    public java.lang.String getAssetFilePathByName(java.lang.String,java.lang.String)
    public java.lang.String getAssetFilePathBySubpath(java.lang.String)
    public java.lang.String getAssetFilePathBySubpath(java.lang.String,java.lang.String)
io.flutter.embedding.engine.FlutterEngineConnectionRegistry$FlutterEngineActivityPluginBinding:
    public void addOnNewIntentListener(io.flutter.plugin.common.PluginRegistry$NewIntentListener)
    public void addOnSaveStateListener(io.flutter.embedding.engine.plugins.activity.ActivityPluginBinding$OnSaveInstanceStateListener)
    public void addOnUserLeaveHintListener(io.flutter.plugin.common.PluginRegistry$UserLeaveHintListener)
    public void addOnWindowFocusChangedListener(io.flutter.plugin.common.PluginRegistry$WindowFocusChangedListener)
    public void addRequestPermissionsResultListener(io.flutter.plugin.common.PluginRegistry$RequestPermissionsResultListener)
    public java.lang.Object getLifecycle()
    void onWindowFocusChanged(boolean)
    public void removeOnNewIntentListener(io.flutter.plugin.common.PluginRegistry$NewIntentListener)
    public void removeOnSaveStateListener(io.flutter.embedding.engine.plugins.activity.ActivityPluginBinding$OnSaveInstanceStateListener)
    public void removeOnUserLeaveHintListener(io.flutter.plugin.common.PluginRegistry$UserLeaveHintListener)
    public void removeOnWindowFocusChangedListener(io.flutter.plugin.common.PluginRegistry$WindowFocusChangedListener)
    public void removeRequestPermissionsResultListener(io.flutter.plugin.common.PluginRegistry$RequestPermissionsResultListener)
io.flutter.embedding.engine.FlutterEngineConnectionRegistry$FlutterEngineBroadcastReceiverPluginBinding:
    private final android.content.BroadcastReceiver broadcastReceiver
    void <init>(android.content.BroadcastReceiver)
    public android.content.BroadcastReceiver getBroadcastReceiver()
io.flutter.embedding.engine.FlutterEngineConnectionRegistry$FlutterEngineContentProviderPluginBinding:
    private final android.content.ContentProvider contentProvider
    void <init>(android.content.ContentProvider)
    public android.content.ContentProvider getContentProvider()